Arguments: 
  /usr/local/bin/node /opt/yarn-v1.22.5/bin/yarn.js install

PATH: 
  /home/runner/bin:/usr/local/sbin:/usr/local/bin:/usr/sbin:/usr/bin:/sbin:/bin

Yarn version: 
  1.22.5

Node version: 
  12.22.1

Platform: 
  linux x64

Trace: 
  SyntaxError: /home/runner/AEMS/package.json: Unexpected token } in JSON at position 827
      at JSON.parse (<anonymous>)
      at /opt/yarn-v1.22.5/lib/cli.js:1625:59
      at Generator.next (<anonymous>)
      at step (/opt/yarn-v1.22.5/lib/cli.js:310:30)
      at /opt/yarn-v1.22.5/lib/cli.js:321:13

npm manifest: 
  {
    "name": "AEMS",
    "version": "1.0.0",
    "description": "# To run the client: #### - Navigate to client2 #### - Run yarn install #### - Run yarn start",
    "main": "index.js",
    "directories": {
      "test": "test"
    },
    "scripts": {
      "test": "echo \"Error: no test specified\" && exit 1",
      "server": "cd server/ && yarn install && yarn start",
      "client": "cd client/ && yarn install && yarn start",
      "dev": "concurrently \"npm run server\" \"npm run client\""
    },
    "repository": {
      "type": "git",
      "url": "git+https://github.com/abisheckkathir/AEMS.git"
    },
    "keywords": [],
    "author": "",
    "license": "ISC",
    "bugs": {
      "url": "https://github.com/abisheckkathir/AEMS/issues"
    },
    "homepage": "https://github.com/abisheckkathir/AEMS#readme",
    "dependencies": {
      "concurrently": "^6.1.0",
    }
  }

yarn manifest: 
  No manifest

Lockfile: 
  No lockfile
